mode: set
sigs.k8s.io/external-dns/provider/cloudflare/cloudflare.go:74.44,76.2 1 1
sigs.k8s.io/external-dns/provider/cloudflare/cloudflare.go:158.68,165.44 3 0
sigs.k8s.io/external-dns/provider/cloudflare/cloudflare.go:165.44,166.28 1 0
sigs.k8s.io/external-dns/provider/cloudflare/cloudflare.go:166.28,168.4 1 0
sigs.k8s.io/external-dns/provider/cloudflare/cloudflare.go:171.2,171.35 1 0
sigs.k8s.io/external-dns/provider/cloudflare/cloudflare.go:171.35,173.3 1 0
sigs.k8s.io/external-dns/provider/cloudflare/cloudflare.go:175.2,175.139 1 0
sigs.k8s.io/external-dns/provider/cloudflare/cloudflare.go:178.116,180.2 1 1
sigs.k8s.io/external-dns/provider/cloudflare/cloudflare.go:182.117,184.2 1 1
sigs.k8s.io/external-dns/provider/cloudflare/cloudflare.go:186.136,188.2 1 1
sigs.k8s.io/external-dns/provider/cloudflare/cloudflare.go:190.113,193.2 2 1
sigs.k8s.io/external-dns/provider/cloudflare/cloudflare.go:195.104,197.2 1 1
sigs.k8s.io/external-dns/provider/cloudflare/cloudflare.go:199.87,201.2 1 1
sigs.k8s.io/external-dns/provider/cloudflare/cloudflare.go:203.129,208.2 2 1
sigs.k8s.io/external-dns/provider/cloudflare/cloudflare.go:211.116,213.42 2 1
sigs.k8s.io/external-dns/provider/cloudflare/cloudflare.go:213.42,220.3 1 1
sigs.k8s.io/external-dns/provider/cloudflare/cloudflare.go:221.2,221.23 1 1
sigs.k8s.io/external-dns/provider/cloudflare/cloudflare.go:221.23,223.3 1 1
sigs.k8s.io/external-dns/provider/cloudflare/cloudflare.go:224.2,224.29 1 1
sigs.k8s.io/external-dns/provider/cloudflare/cloudflare.go:227.147,230.2 2 1
sigs.k8s.io/external-dns/provider/cloudflare/cloudflare.go:232.104,238.19 2 1
sigs.k8s.io/external-dns/provider/cloudflare/cloudflare.go:238.19,240.26 2 0
sigs.k8s.io/external-dns/provider/cloudflare/cloudflare.go:240.26,242.4 1 0
sigs.k8s.io/external-dns/provider/cloudflare/cloudflare.go:243.3,243.24 1 0
sigs.k8s.io/external-dns/provider/cloudflare/cloudflare.go:243.24,245.4 1 0
sigs.k8s.io/external-dns/provider/cloudflare/cloudflare.go:246.3,246.32 1 0
sigs.k8s.io/external-dns/provider/cloudflare/cloudflare.go:246.32,248.4 1 0
sigs.k8s.io/external-dns/provider/cloudflare/cloudflare.go:249.3,249.81 1 0
sigs.k8s.io/external-dns/provider/cloudflare/cloudflare.go:249.81,251.4 1 0
sigs.k8s.io/external-dns/provider/cloudflare/cloudflare.go:252.3,252.42 1 0
sigs.k8s.io/external-dns/provider/cloudflare/cloudflare.go:252.42,256.4 1 0
sigs.k8s.io/external-dns/provider/cloudflare/cloudflare.go:257.3,257.39 1 0
sigs.k8s.io/external-dns/provider/cloudflare/cloudflare.go:260.2,261.12 2 1
sigs.k8s.io/external-dns/provider/cloudflare/cloudflare.go:265.47,267.2 1 1
sigs.k8s.io/external-dns/provider/cloudflare/cloudflare.go:274.111,275.46 1 1
sigs.k8s.io/external-dns/provider/cloudflare/cloudflare.go:275.46,277.3 1 1
sigs.k8s.io/external-dns/provider/cloudflare/cloudflare.go:279.2,280.23 2 1
sigs.k8s.io/external-dns/provider/cloudflare/cloudflare.go:280.23,282.3 1 1
sigs.k8s.io/external-dns/provider/cloudflare/cloudflare.go:284.2,284.30 1 1
sigs.k8s.io/external-dns/provider/cloudflare/cloudflare.go:284.30,287.3 2 1
sigs.k8s.io/external-dns/provider/cloudflare/cloudflare.go:289.2,289.16 1 1
sigs.k8s.io/external-dns/provider/cloudflare/cloudflare.go:292.68,294.16 2 1
sigs.k8s.io/external-dns/provider/cloudflare/cloudflare.go:294.16,297.3 2 1
sigs.k8s.io/external-dns/provider/cloudflare/cloudflare.go:298.2,299.16 2 1
sigs.k8s.io/external-dns/provider/cloudflare/cloudflare.go:299.16,302.3 2 1
sigs.k8s.io/external-dns/provider/cloudflare/cloudflare.go:304.2,305.16 2 1
sigs.k8s.io/external-dns/provider/cloudflare/cloudflare.go:305.16,308.3 2 1
sigs.k8s.io/external-dns/provider/cloudflare/cloudflare.go:310.2,310.38 1 1
sigs.k8s.io/external-dns/provider/cloudflare/cloudflare.go:337.90,351.2 1 1
sigs.k8s.io/external-dns/provider/cloudflare/cloudflare.go:354.88,368.2 1 1
sigs.k8s.io/external-dns/provider/cloudflare/cloudflare.go:370.46,374.29 2 1
sigs.k8s.io/external-dns/provider/cloudflare/cloudflare.go:374.29,375.54 1 1
sigs.k8s.io/external-dns/provider/cloudflare/cloudflare.go:375.54,377.4 1 1
sigs.k8s.io/external-dns/provider/cloudflare/cloudflare.go:382.2,385.35 2 1
sigs.k8s.io/external-dns/provider/cloudflare/cloudflare.go:385.35,387.3 1 1
sigs.k8s.io/external-dns/provider/cloudflare/cloudflare.go:388.2,388.12 1 1
sigs.k8s.io/external-dns/provider/cloudflare/cloudflare.go:400.32,406.17 3 1
sigs.k8s.io/external-dns/provider/cloudflare/cloudflare.go:406.17,407.58 1 1
sigs.k8s.io/external-dns/provider/cloudflare/cloudflare.go:407.58,409.18 2 1
sigs.k8s.io/external-dns/provider/cloudflare/cloudflare.go:409.18,411.5 1 1
sigs.k8s.io/external-dns/provider/cloudflare/cloudflare.go:412.4,412.49 1 1
sigs.k8s.io/external-dns/provider/cloudflare/cloudflare.go:414.3,416.4 1 1
sigs.k8s.io/external-dns/provider/cloudflare/cloudflare.go:417.8,420.37 3 1
sigs.k8s.io/external-dns/provider/cloudflare/cloudflare.go:420.37,422.4 1 1
sigs.k8s.io/external-dns/provider/cloudflare/cloudflare.go:423.3,426.4 1 1
sigs.k8s.io/external-dns/provider/cloudflare/cloudflare.go:428.2,428.19 1 1
sigs.k8s.io/external-dns/provider/cloudflare/cloudflare.go:428.19,430.3 1 0
sigs.k8s.io/external-dns/provider/cloudflare/cloudflare.go:432.2,432.44 1 1
sigs.k8s.io/external-dns/provider/cloudflare/cloudflare.go:432.44,434.3 1 1
sigs.k8s.io/external-dns/provider/cloudflare/cloudflare.go:436.2,445.8 1 1
sigs.k8s.io/external-dns/provider/cloudflare/cloudflare.go:449.79,454.72 2 1
sigs.k8s.io/external-dns/provider/cloudflare/cloudflare.go:454.72,456.49 2 1
sigs.k8s.io/external-dns/provider/cloudflare/cloudflare.go:456.49,459.18 3 1
sigs.k8s.io/external-dns/provider/cloudflare/cloudflare.go:459.18,462.5 2 1
sigs.k8s.io/external-dns/provider/cloudflare/cloudflare.go:463.4,467.44 2 1
sigs.k8s.io/external-dns/provider/cloudflare/cloudflare.go:469.3,469.21 1 1
sigs.k8s.io/external-dns/provider/cloudflare/cloudflare.go:472.2,476.44 4 1
sigs.k8s.io/external-dns/provider/cloudflare/cloudflare.go:476.44,477.39 1 1
sigs.k8s.io/external-dns/provider/cloudflare/cloudflare.go:477.39,479.12 2 1
sigs.k8s.io/external-dns/provider/cloudflare/cloudflare.go:481.3,485.32 2 1
sigs.k8s.io/external-dns/provider/cloudflare/cloudflare.go:487.2,487.23 1 1
sigs.k8s.io/external-dns/provider/cloudflare/cloudflare.go:487.23,489.3 1 1
sigs.k8s.io/external-dns/provider/cloudflare/cloudflare.go:491.2,491.20 1 1
sigs.k8s.io/external-dns/provider/cloudflare/cloudflare.go:495.89,497.16 2 1
sigs.k8s.io/external-dns/provider/cloudflare/cloudflare.go:497.16,499.3 1 1
sigs.k8s.io/external-dns/provider/cloudflare/cloudflare.go:501.2,502.29 2 1
sigs.k8s.io/external-dns/provider/cloudflare/cloudflare.go:502.29,504.17 2 1
sigs.k8s.io/external-dns/provider/cloudflare/cloudflare.go:504.17,506.4 1 1
sigs.k8s.io/external-dns/provider/cloudflare/cloudflare.go:509.3,510.19 2 1
sigs.k8s.io/external-dns/provider/cloudflare/cloudflare.go:510.19,512.4 1 1
sigs.k8s.io/external-dns/provider/cloudflare/cloudflare.go:517.3,519.101 2 1
sigs.k8s.io/external-dns/provider/cloudflare/cloudflare.go:519.101,521.4 1 1
sigs.k8s.io/external-dns/provider/cloudflare/cloudflare.go:523.3,523.50 1 1
sigs.k8s.io/external-dns/provider/cloudflare/cloudflare.go:526.2,526.23 1 1
sigs.k8s.io/external-dns/provider/cloudflare/cloudflare.go:530.93,534.37 2 1
sigs.k8s.io/external-dns/provider/cloudflare/cloudflare.go:534.37,535.36 1 1
sigs.k8s.io/external-dns/provider/cloudflare/cloudflare.go:535.36,536.37 1 1
sigs.k8s.io/external-dns/provider/cloudflare/cloudflare.go:536.37,538.19 2 1
sigs.k8s.io/external-dns/provider/cloudflare/cloudflare.go:538.19,540.14 2 1
sigs.k8s.io/external-dns/provider/cloudflare/cloudflare.go:542.5,542.58 1 1
sigs.k8s.io/external-dns/provider/cloudflare/cloudflare.go:547.2,547.35 1 1
sigs.k8s.io/external-dns/provider/cloudflare/cloudflare.go:547.35,548.36 1 1
sigs.k8s.io/external-dns/provider/cloudflare/cloudflare.go:548.36,550.18 2 1
sigs.k8s.io/external-dns/provider/cloudflare/cloudflare.go:550.18,552.13 2 1
sigs.k8s.io/external-dns/provider/cloudflare/cloudflare.go:554.4,554.57 1 1
sigs.k8s.io/external-dns/provider/cloudflare/cloudflare.go:558.2,558.44 1 1
sigs.k8s.io/external-dns/provider/cloudflare/cloudflare.go:558.44,563.28 3 1
sigs.k8s.io/external-dns/provider/cloudflare/cloudflare.go:563.28,565.18 2 1
sigs.k8s.io/external-dns/provider/cloudflare/cloudflare.go:565.18,567.13 2 1
sigs.k8s.io/external-dns/provider/cloudflare/cloudflare.go:569.4,569.57 1 1
sigs.k8s.io/external-dns/provider/cloudflare/cloudflare.go:572.3,572.25 1 1
sigs.k8s.io/external-dns/provider/cloudflare/cloudflare.go:572.25,574.18 2 1
sigs.k8s.io/external-dns/provider/cloudflare/cloudflare.go:574.18,576.13 2 1
sigs.k8s.io/external-dns/provider/cloudflare/cloudflare.go:578.4,578.57 1 1
sigs.k8s.io/external-dns/provider/cloudflare/cloudflare.go:581.3,581.27 1 1
sigs.k8s.io/external-dns/provider/cloudflare/cloudflare.go:581.27,583.18 2 1
sigs.k8s.io/external-dns/provider/cloudflare/cloudflare.go:583.18,585.13 2 1
sigs.k8s.io/external-dns/provider/cloudflare/cloudflare.go:587.4,587.57 1 1
sigs.k8s.io/external-dns/provider/cloudflare/cloudflare.go:592.2,592.38 1 1
sigs.k8s.io/external-dns/provider/cloudflare/cloudflare.go:592.38,593.36 1 1
sigs.k8s.io/external-dns/provider/cloudflare/cloudflare.go:593.36,594.37 1 1
sigs.k8s.io/external-dns/provider/cloudflare/cloudflare.go:594.37,596.19 2 1
sigs.k8s.io/external-dns/provider/cloudflare/cloudflare.go:596.19,598.14 2 1
sigs.k8s.io/external-dns/provider/cloudflare/cloudflare.go:600.5,600.58 1 1
sigs.k8s.io/external-dns/provider/cloudflare/cloudflare.go:605.2,605.48 1 1
sigs.k8s.io/external-dns/provider/cloudflare/cloudflare.go:609.171,612.38 2 1
sigs.k8s.io/external-dns/provider/cloudflare/cloudflare.go:612.38,614.3 1 1
sigs.k8s.io/external-dns/provider/cloudflare/cloudflare.go:616.2,616.23 1 1
sigs.k8s.io/external-dns/provider/cloudflare/cloudflare.go:617.24,618.76 1 1
sigs.k8s.io/external-dns/provider/cloudflare/cloudflare.go:618.76,621.36 2 1
sigs.k8s.io/external-dns/provider/cloudflare/cloudflare.go:621.36,622.68 1 1
sigs.k8s.io/external-dns/provider/cloudflare/cloudflare.go:622.68,624.24 2 1
sigs.k8s.io/external-dns/provider/cloudflare/cloudflare.go:624.24,628.23 4 1
sigs.k8s.io/external-dns/provider/cloudflare/cloudflare.go:628.23,631.8 2 0
sigs.k8s.io/external-dns/provider/cloudflare/cloudflare.go:635.4,635.33 1 1
sigs.k8s.io/external-dns/provider/cloudflare/cloudflare.go:635.33,638.21 3 1
sigs.k8s.io/external-dns/provider/cloudflare/cloudflare.go:638.21,641.6 2 0
sigs.k8s.io/external-dns/provider/cloudflare/cloudflare.go:644.24,645.51 1 1
sigs.k8s.io/external-dns/provider/cloudflare/cloudflare.go:645.51,646.104 1 1
sigs.k8s.io/external-dns/provider/cloudflare/cloudflare.go:646.104,648.73 2 1
sigs.k8s.io/external-dns/provider/cloudflare/cloudflare.go:648.73,652.22 4 1
sigs.k8s.io/external-dns/provider/cloudflare/cloudflare.go:652.22,655.7 2 0
sigs.k8s.io/external-dns/provider/cloudflare/cloudflare.go:656.11,658.6 1 1
sigs.k8s.io/external-dns/provider/cloudflare/cloudflare.go:661.24,662.51 1 1
sigs.k8s.io/external-dns/provider/cloudflare/cloudflare.go:662.51,663.104 1 1
sigs.k8s.io/external-dns/provider/cloudflare/cloudflare.go:663.104,665.73 2 1
sigs.k8s.io/external-dns/provider/cloudflare/cloudflare.go:665.73,666.62 1 1
sigs.k8s.io/external-dns/provider/cloudflare/cloudflare.go:666.62,668.7 1 1
sigs.k8s.io/external-dns/provider/cloudflare/cloudflare.go:668.12,671.7 2 0
sigs.k8s.io/external-dns/provider/cloudflare/cloudflare.go:672.11,674.22 2 1
sigs.k8s.io/external-dns/provider/cloudflare/cloudflare.go:674.22,677.7 2 0
sigs.k8s.io/external-dns/provider/cloudflare/cloudflare.go:682.2,682.22 1 1
sigs.k8s.io/external-dns/provider/cloudflare/cloudflare.go:686.100,688.23 1 1
sigs.k8s.io/external-dns/provider/cloudflare/cloudflare.go:688.23,691.3 2 1
sigs.k8s.io/external-dns/provider/cloudflare/cloudflare.go:693.2,694.16 2 1
sigs.k8s.io/external-dns/provider/cloudflare/cloudflare.go:694.16,696.3 1 0
sigs.k8s.io/external-dns/provider/cloudflare/cloudflare.go:698.2,701.49 3 1
sigs.k8s.io/external-dns/provider/cloudflare/cloudflare.go:701.49,704.38 2 1
sigs.k8s.io/external-dns/provider/cloudflare/cloudflare.go:704.38,715.16 3 1
sigs.k8s.io/external-dns/provider/cloudflare/cloudflare.go:715.16,716.13 1 1
sigs.k8s.io/external-dns/provider/cloudflare/cloudflare.go:719.4,720.18 2 1
sigs.k8s.io/external-dns/provider/cloudflare/cloudflare.go:720.18,722.5 1 0
sigs.k8s.io/external-dns/provider/cloudflare/cloudflare.go:723.4,724.20 2 1
sigs.k8s.io/external-dns/provider/cloudflare/cloudflare.go:724.20,726.5 1 0
sigs.k8s.io/external-dns/provider/cloudflare/cloudflare.go:727.4,727.25 1 1
sigs.k8s.io/external-dns/provider/cloudflare/cloudflare.go:728.26,729.76 1 1
sigs.k8s.io/external-dns/provider/cloudflare/cloudflare.go:729.76,731.6 1 0
sigs.k8s.io/external-dns/provider/cloudflare/cloudflare.go:732.5,733.23 2 1
sigs.k8s.io/external-dns/provider/cloudflare/cloudflare.go:733.23,735.14 2 0
sigs.k8s.io/external-dns/provider/cloudflare/cloudflare.go:737.5,739.19 3 1
sigs.k8s.io/external-dns/provider/cloudflare/cloudflare.go:739.19,742.6 2 1
sigs.k8s.io/external-dns/provider/cloudflare/cloudflare.go:743.26,745.23 2 1
sigs.k8s.io/external-dns/provider/cloudflare/cloudflare.go:745.23,747.14 2 1
sigs.k8s.io/external-dns/provider/cloudflare/cloudflare.go:749.5,750.19 2 1
sigs.k8s.io/external-dns/provider/cloudflare/cloudflare.go:750.19,753.6 2 1
sigs.k8s.io/external-dns/provider/cloudflare/cloudflare.go:754.5,754.76 1 1
sigs.k8s.io/external-dns/provider/cloudflare/cloudflare.go:754.76,756.6 1 0
sigs.k8s.io/external-dns/provider/cloudflare/cloudflare.go:757.26,760.19 3 1
sigs.k8s.io/external-dns/provider/cloudflare/cloudflare.go:760.19,763.6 2 1
sigs.k8s.io/external-dns/provider/cloudflare/cloudflare.go:764.5,764.76 1 1
sigs.k8s.io/external-dns/provider/cloudflare/cloudflare.go:764.76,766.6 1 0
sigs.k8s.io/external-dns/provider/cloudflare/cloudflare.go:770.3,770.39 1 1
sigs.k8s.io/external-dns/provider/cloudflare/cloudflare.go:770.39,772.18 2 1
sigs.k8s.io/external-dns/provider/cloudflare/cloudflare.go:772.18,774.5 1 1
sigs.k8s.io/external-dns/provider/cloudflare/cloudflare.go:775.4,775.41 1 1
sigs.k8s.io/external-dns/provider/cloudflare/cloudflare.go:775.41,777.19 2 1
sigs.k8s.io/external-dns/provider/cloudflare/cloudflare.go:777.19,779.6 1 1
sigs.k8s.io/external-dns/provider/cloudflare/cloudflare.go:780.5,781.80 2 1
sigs.k8s.io/external-dns/provider/cloudflare/cloudflare.go:781.80,783.6 1 1
sigs.k8s.io/external-dns/provider/cloudflare/cloudflare.go:787.3,787.19 1 1
sigs.k8s.io/external-dns/provider/cloudflare/cloudflare.go:787.19,789.4 1 1
sigs.k8s.io/external-dns/provider/cloudflare/cloudflare.go:792.2,792.26 1 1
sigs.k8s.io/external-dns/provider/cloudflare/cloudflare.go:792.26,794.3 1 1
sigs.k8s.io/external-dns/provider/cloudflare/cloudflare.go:796.2,796.12 1 1
sigs.k8s.io/external-dns/provider/cloudflare/cloudflare.go:801.53,804.27 3 1
sigs.k8s.io/external-dns/provider/cloudflare/cloudflare.go:804.27,806.20 2 1
sigs.k8s.io/external-dns/provider/cloudflare/cloudflare.go:806.20,808.4 1 1
sigs.k8s.io/external-dns/provider/cloudflare/cloudflare.go:810.2,811.20 2 1
sigs.k8s.io/external-dns/provider/cloudflare/cloudflare.go:815.108,817.30 2 1
sigs.k8s.io/external-dns/provider/cloudflare/cloudflare.go:817.30,819.14 2 1
sigs.k8s.io/external-dns/provider/cloudflare/cloudflare.go:819.14,821.4 1 1
sigs.k8s.io/external-dns/provider/cloudflare/cloudflare.go:822.3,824.38 2 1
sigs.k8s.io/external-dns/provider/cloudflare/cloudflare.go:824.38,826.82 1 1
sigs.k8s.io/external-dns/provider/cloudflare/cloudflare.go:826.82,829.5 2 1
sigs.k8s.io/external-dns/provider/cloudflare/cloudflare.go:830.9,833.4 1 1
sigs.k8s.io/external-dns/provider/cloudflare/cloudflare.go:835.3,835.82 1 1
sigs.k8s.io/external-dns/provider/cloudflare/cloudflare.go:835.82,838.4 2 1
sigs.k8s.io/external-dns/provider/cloudflare/cloudflare.go:840.3,842.39 2 1
sigs.k8s.io/external-dns/provider/cloudflare/cloudflare.go:842.39,843.97 1 1
sigs.k8s.io/external-dns/provider/cloudflare/cloudflare.go:843.97,845.5 1 1
sigs.k8s.io/external-dns/provider/cloudflare/cloudflare.go:848.3,848.51 1 1
sigs.k8s.io/external-dns/provider/cloudflare/cloudflare.go:850.2,850.31 1 1
sigs.k8s.io/external-dns/provider/cloudflare/cloudflare.go:854.126,858.26 3 1
sigs.k8s.io/external-dns/provider/cloudflare/cloudflare.go:858.26,861.3 2 1
sigs.k8s.io/external-dns/provider/cloudflare/cloudflare.go:863.2,863.30 1 1
sigs.k8s.io/external-dns/provider/cloudflare/cloudflare.go:863.30,865.19 2 1
sigs.k8s.io/external-dns/provider/cloudflare/cloudflare.go:865.19,867.12 2 1
sigs.k8s.io/external-dns/provider/cloudflare/cloudflare.go:869.3,869.47 1 1
sigs.k8s.io/external-dns/provider/cloudflare/cloudflare.go:872.2,872.16 1 1
sigs.k8s.io/external-dns/provider/cloudflare/cloudflare.go:875.99,876.122 1 1
sigs.k8s.io/external-dns/provider/cloudflare/cloudflare.go:876.122,878.3 1 1
sigs.k8s.io/external-dns/provider/cloudflare/cloudflare.go:879.2,879.11 1 1
sigs.k8s.io/external-dns/provider/cloudflare/cloudflare.go:882.87,883.18 1 1
sigs.k8s.io/external-dns/provider/cloudflare/cloudflare.go:883.18,885.3 1 1
sigs.k8s.io/external-dns/provider/cloudflare/cloudflare.go:886.2,886.62 1 1
sigs.k8s.io/external-dns/provider/cloudflare/cloudflare.go:886.62,888.3 1 1
sigs.k8s.io/external-dns/provider/cloudflare/cloudflare.go:889.2,889.92 1 1
sigs.k8s.io/external-dns/provider/cloudflare/cloudflare.go:892.101,898.2 1 1
sigs.k8s.io/external-dns/provider/cloudflare/cloudflare.go:900.164,904.33 3 1
sigs.k8s.io/external-dns/provider/cloudflare/cloudflare.go:904.33,906.3 1 1
sigs.k8s.io/external-dns/provider/cloudflare/cloudflare.go:908.2,910.37 3 1
sigs.k8s.io/external-dns/provider/cloudflare/cloudflare.go:910.37,911.21 1 1
sigs.k8s.io/external-dns/provider/cloudflare/cloudflare.go:911.21,913.4 1 1
sigs.k8s.io/external-dns/provider/cloudflare/cloudflare.go:914.3,914.52 1 1
sigs.k8s.io/external-dns/provider/cloudflare/cloudflare.go:914.52,916.4 1 1
sigs.k8s.io/external-dns/provider/cloudflare/cloudflare.go:920.2,921.91 2 1
sigs.k8s.io/external-dns/provider/cloudflare/cloudflare.go:921.91,924.3 1 1
sigs.k8s.io/external-dns/provider/cloudflare/cloudflare.go:926.2,927.82 2 1
sigs.k8s.io/external-dns/provider/cloudflare/cloudflare.go:927.82,929.3 1 1
sigs.k8s.io/external-dns/provider/cloudflare/cloudflare.go:931.2,931.45 1 1
sigs.k8s.io/external-dns/provider/cloudflare/cloudflare.go:931.45,933.3 1 1
sigs.k8s.io/external-dns/provider/cloudflare/cloudflare.go:935.2,936.27 2 1
sigs.k8s.io/external-dns/provider/cloudflare/cloudflare.go:936.27,938.17 2 1
sigs.k8s.io/external-dns/provider/cloudflare/cloudflare.go:938.17,940.4 1 1
sigs.k8s.io/external-dns/provider/cloudflare/cloudflare.go:940.9,943.4 2 1
sigs.k8s.io/external-dns/provider/cloudflare/cloudflare.go:946.2,961.8 1 1
sigs.k8s.io/external-dns/provider/cloudflare/cloudflare.go:964.61,966.2 1 1
sigs.k8s.io/external-dns/provider/cloudflare/cloudflare.go:969.106,974.46 4 1
sigs.k8s.io/external-dns/provider/cloudflare/cloudflare.go:974.46,976.3 1 1
sigs.k8s.io/external-dns/provider/cloudflare/cloudflare.go:977.2,977.23 1 1
sigs.k8s.io/external-dns/provider/cloudflare/cloudflare.go:977.23,979.3 1 1
sigs.k8s.io/external-dns/provider/cloudflare/cloudflare.go:980.2,980.24 1 1
sigs.k8s.io/external-dns/provider/cloudflare/cloudflare.go:983.68,985.2 1 1
sigs.k8s.io/external-dns/provider/cloudflare/cloudflare.go:988.128,989.38 1 1
sigs.k8s.io/external-dns/provider/cloudflare/cloudflare.go:989.38,991.3 1 1
sigs.k8s.io/external-dns/provider/cloudflare/cloudflare.go:992.2,995.16 4 1
sigs.k8s.io/external-dns/provider/cloudflare/cloudflare.go:995.16,997.53 2 1
sigs.k8s.io/external-dns/provider/cloudflare/cloudflare.go:997.53,999.4 1 1
sigs.k8s.io/external-dns/provider/cloudflare/cloudflare.go:1000.3,1000.29 1 1
sigs.k8s.io/external-dns/provider/cloudflare/cloudflare.go:1002.2,1002.37 1 1
sigs.k8s.io/external-dns/provider/cloudflare/cloudflare.go:1002.37,1004.3 1 1
sigs.k8s.io/external-dns/provider/cloudflare/cloudflare.go:1005.2,1005.17 1 1
sigs.k8s.io/external-dns/provider/cloudflare/cloudflare.go:1008.99,1019.58 2 1
sigs.k8s.io/external-dns/provider/cloudflare/cloudflare.go:1019.58,1021.3 1 1
sigs.k8s.io/external-dns/provider/cloudflare/cloudflare.go:1022.2,1022.12 1 1
sigs.k8s.io/external-dns/provider/cloudflare/cloudflare.go:1025.73,1028.40 2 1
sigs.k8s.io/external-dns/provider/cloudflare/cloudflare.go:1028.40,1029.49 1 1
sigs.k8s.io/external-dns/provider/cloudflare/cloudflare.go:1029.49,1031.18 2 1
sigs.k8s.io/external-dns/provider/cloudflare/cloudflare.go:1031.18,1033.5 1 1
sigs.k8s.io/external-dns/provider/cloudflare/cloudflare.go:1033.10,1035.5 1 1
sigs.k8s.io/external-dns/provider/cloudflare/cloudflare.go:1036.4,1036.9 1 1
sigs.k8s.io/external-dns/provider/cloudflare/cloudflare.go:1040.2,1040.48 1 1
sigs.k8s.io/external-dns/provider/cloudflare/cloudflare.go:1040.48,1042.3 1 1
sigs.k8s.io/external-dns/provider/cloudflare/cloudflare.go:1043.2,1043.16 1 1
sigs.k8s.io/external-dns/provider/cloudflare/cloudflare.go:1046.65,1047.40 1 1
sigs.k8s.io/external-dns/provider/cloudflare/cloudflare.go:1047.40,1048.56 1 1
sigs.k8s.io/external-dns/provider/cloudflare/cloudflare.go:1048.56,1051.4 2 1
sigs.k8s.io/external-dns/provider/cloudflare/cloudflare.go:1053.2,1053.19 1 1
sigs.k8s.io/external-dns/provider/cloudflare/cloudflare.go:1056.136,1062.28 3 1
sigs.k8s.io/external-dns/provider/cloudflare/cloudflare.go:1062.28,1063.56 1 1
sigs.k8s.io/external-dns/provider/cloudflare/cloudflare.go:1063.56,1064.12 1 1
sigs.k8s.io/external-dns/provider/cloudflare/cloudflare.go:1067.3,1068.36 2 1
sigs.k8s.io/external-dns/provider/cloudflare/cloudflare.go:1068.36,1070.4 1 1
sigs.k8s.io/external-dns/provider/cloudflare/cloudflare.go:1072.3,1072.47 1 1
sigs.k8s.io/external-dns/provider/cloudflare/cloudflare.go:1076.2,1078.24 2 1
sigs.k8s.io/external-dns/provider/cloudflare/cloudflare.go:1078.24,1080.3 1 1
sigs.k8s.io/external-dns/provider/cloudflare/cloudflare.go:1083.2,1083.33 1 1
sigs.k8s.io/external-dns/provider/cloudflare/cloudflare.go:1083.33,1084.24 1 1
sigs.k8s.io/external-dns/provider/cloudflare/cloudflare.go:1084.24,1086.4 1 0
sigs.k8s.io/external-dns/provider/cloudflare/cloudflare.go:1087.3,1088.34 2 1
sigs.k8s.io/external-dns/provider/cloudflare/cloudflare.go:1088.34,1089.31 1 1
sigs.k8s.io/external-dns/provider/cloudflare/cloudflare.go:1089.31,1091.5 1 1
sigs.k8s.io/external-dns/provider/cloudflare/cloudflare.go:1091.10,1093.5 1 1
sigs.k8s.io/external-dns/provider/cloudflare/cloudflare.go:1095.3,1101.15 3 1
sigs.k8s.io/external-dns/provider/cloudflare/cloudflare.go:1101.15,1102.12 1 1
sigs.k8s.io/external-dns/provider/cloudflare/cloudflare.go:1104.3,1106.66 2 1
sigs.k8s.io/external-dns/provider/cloudflare/cloudflare.go:1106.66,1109.4 2 1
sigs.k8s.io/external-dns/provider/cloudflare/cloudflare.go:1111.3,1111.31 1 1
sigs.k8s.io/external-dns/provider/cloudflare/cloudflare.go:1111.31,1113.4 1 1
sigs.k8s.io/external-dns/provider/cloudflare/cloudflare.go:1115.3,1115.29 1 1
sigs.k8s.io/external-dns/provider/cloudflare/cloudflare.go:1115.29,1116.67 1 1
sigs.k8s.io/external-dns/provider/cloudflare/cloudflare.go:1116.67,1119.5 2 1
sigs.k8s.io/external-dns/provider/cloudflare/cloudflare.go:1122.3,1122.35 1 1
sigs.k8s.io/external-dns/provider/cloudflare/cloudflare.go:1124.2,1124.18 1 1
sigs.k8s.io/external-dns/provider/cloudflare/cloudflare.go:1128.85,1129.20 1 1
sigs.k8s.io/external-dns/provider/cloudflare/cloudflare.go:1130.29,1131.14 1 1
sigs.k8s.io/external-dns/provider/cloudflare/cloudflare.go:1132.10,1133.50 1 1
sigs.k8s.io/external-dns/provider/cloudflare/cloudflare_regional.go:58.178,60.2 1 1
sigs.k8s.io/external-dns/provider/cloudflare/cloudflare_regional.go:62.133,65.2 2 1
sigs.k8s.io/external-dns/provider/cloudflare/cloudflare_regional.go:67.151,70.2 2 1
sigs.k8s.io/external-dns/provider/cloudflare/cloudflare_regional.go:72.153,75.2 2 1
sigs.k8s.io/external-dns/provider/cloudflare/cloudflare_regional.go:78.103,82.2 1 1
sigs.k8s.io/external-dns/provider/cloudflare/cloudflare_regional.go:85.131,91.2 1 1
sigs.k8s.io/external-dns/provider/cloudflare/cloudflare_regional.go:94.132,99.2 1 1
sigs.k8s.io/external-dns/provider/cloudflare/cloudflare_regional.go:102.134,106.2 1 1
sigs.k8s.io/external-dns/provider/cloudflare/cloudflare_regional.go:109.137,112.37 2 1
sigs.k8s.io/external-dns/provider/cloudflare/cloudflare_regional.go:112.37,113.61 1 1
sigs.k8s.io/external-dns/provider/cloudflare/cloudflare_regional.go:113.61,115.4 1 1
sigs.k8s.io/external-dns/provider/cloudflare/cloudflare_regional.go:118.2,118.22 1 1
sigs.k8s.io/external-dns/provider/cloudflare/cloudflare_regional.go:122.133,129.14 2 1
sigs.k8s.io/external-dns/provider/cloudflare/cloudflare_regional.go:129.14,132.3 2 1
sigs.k8s.io/external-dns/provider/cloudflare/cloudflare_regional.go:133.2,133.25 1 1
sigs.k8s.io/external-dns/provider/cloudflare/cloudflare_regional.go:134.24,137.86 3 1
sigs.k8s.io/external-dns/provider/cloudflare/cloudflare_regional.go:137.86,140.4 2 1
sigs.k8s.io/external-dns/provider/cloudflare/cloudflare_regional.go:141.24,144.105 3 1
sigs.k8s.io/external-dns/provider/cloudflare/cloudflare_regional.go:144.105,147.4 2 1
sigs.k8s.io/external-dns/provider/cloudflare/cloudflare_regional.go:148.24,151.105 3 1
sigs.k8s.io/external-dns/provider/cloudflare/cloudflare_regional.go:151.105,154.4 2 1
sigs.k8s.io/external-dns/provider/cloudflare/cloudflare_regional.go:156.2,156.13 1 1
sigs.k8s.io/external-dns/provider/cloudflare/cloudflare_regional.go:162.134,166.42 4 1
sigs.k8s.io/external-dns/provider/cloudflare/cloudflare_regional.go:166.42,171.3 1 1
sigs.k8s.io/external-dns/provider/cloudflare/cloudflare_regional.go:172.2,172.23 1 1
sigs.k8s.io/external-dns/provider/cloudflare/cloudflare_regional.go:172.23,174.3 1 1
sigs.k8s.io/external-dns/provider/cloudflare/cloudflare_regional.go:175.2,175.20 1 1
sigs.k8s.io/external-dns/provider/cloudflare/cloudflare_regional.go:183.87,184.94 1 1
sigs.k8s.io/external-dns/provider/cloudflare/cloudflare_regional.go:184.94,186.3 1 1
sigs.k8s.io/external-dns/provider/cloudflare/cloudflare_regional.go:187.2,188.100 2 1
sigs.k8s.io/external-dns/provider/cloudflare/cloudflare_regional.go:188.100,190.3 1 1
sigs.k8s.io/external-dns/provider/cloudflare/cloudflare_regional.go:191.2,194.3 1 1
sigs.k8s.io/external-dns/provider/cloudflare/cloudflare_regional.go:202.149,203.39 1 1
sigs.k8s.io/external-dns/provider/cloudflare/cloudflare_regional.go:203.39,205.3 1 1
sigs.k8s.io/external-dns/provider/cloudflare/cloudflare_regional.go:209.2,210.31 2 1
sigs.k8s.io/external-dns/provider/cloudflare/cloudflare_regional.go:210.31,211.57 1 1
sigs.k8s.io/external-dns/provider/cloudflare/cloudflare_regional.go:211.57,213.4 1 1
sigs.k8s.io/external-dns/provider/cloudflare/cloudflare_regional.go:215.2,215.34 1 1
sigs.k8s.io/external-dns/provider/cloudflare/cloudflare_regional.go:215.34,217.3 1 1
sigs.k8s.io/external-dns/provider/cloudflare/cloudflare_regional.go:219.2,220.16 2 1
sigs.k8s.io/external-dns/provider/cloudflare/cloudflare_regional.go:220.16,222.3 1 1
sigs.k8s.io/external-dns/provider/cloudflare/cloudflare_regional.go:224.2,224.40 1 1
sigs.k8s.io/external-dns/provider/cloudflare/cloudflare_regional.go:224.40,226.56 2 1
sigs.k8s.io/external-dns/provider/cloudflare/cloudflare_regional.go:226.56,228.4 1 1
sigs.k8s.io/external-dns/provider/cloudflare/cloudflare_regional.go:229.3,229.77 1 1
sigs.k8s.io/external-dns/provider/cloudflare/cloudflare_regional.go:231.2,231.12 1 1
sigs.k8s.io/external-dns/provider/cloudflare/cloudflare_regional.go:242.101,243.94 1 1
sigs.k8s.io/external-dns/provider/cloudflare/cloudflare_regional.go:243.94,246.3 2 1
sigs.k8s.io/external-dns/provider/cloudflare/cloudflare_regional.go:248.2,248.83 1 1
sigs.k8s.io/external-dns/provider/cloudflare/cloudflare_regional.go:248.83,250.3 1 1
sigs.k8s.io/external-dns/provider/cloudflare/cloudflare_regional.go:258.88,260.33 2 1
sigs.k8s.io/external-dns/provider/cloudflare/cloudflare_regional.go:260.33,261.45 1 1
sigs.k8s.io/external-dns/provider/cloudflare/cloudflare_regional.go:261.45,262.12 1 1
sigs.k8s.io/external-dns/provider/cloudflare/cloudflare_regional.go:264.3,265.13 2 1
sigs.k8s.io/external-dns/provider/cloudflare/cloudflare_regional.go:265.13,266.41 1 1
sigs.k8s.io/external-dns/provider/cloudflare/cloudflare_regional.go:266.41,271.13 2 1
sigs.k8s.io/external-dns/provider/cloudflare/cloudflare_regional.go:273.4,274.12 2 1
sigs.k8s.io/external-dns/provider/cloudflare/cloudflare_regional.go:276.3,276.40 1 1
sigs.k8s.io/external-dns/provider/cloudflare/cloudflare_regional.go:276.40,278.12 1 1
sigs.k8s.io/external-dns/provider/cloudflare/cloudflare_regional.go:280.3,280.25 1 1
sigs.k8s.io/external-dns/provider/cloudflare/cloudflare_regional.go:280.25,283.12 2 1
sigs.k8s.io/external-dns/provider/cloudflare/cloudflare_regional.go:285.3,285.56 1 1
sigs.k8s.io/external-dns/provider/cloudflare/cloudflare_regional.go:285.56,287.4 1 1
sigs.k8s.io/external-dns/provider/cloudflare/cloudflare_regional.go:289.2,289.46 1 1
sigs.k8s.io/external-dns/provider/cloudflare/cloudflare_regional.go:293.124,295.29 2 1
sigs.k8s.io/external-dns/provider/cloudflare/cloudflare_regional.go:295.29,297.25 2 1
sigs.k8s.io/external-dns/provider/cloudflare/cloudflare_regional.go:297.25,299.14 1 1
sigs.k8s.io/external-dns/provider/cloudflare/cloudflare_regional.go:299.14,300.13 1 1
sigs.k8s.io/external-dns/provider/cloudflare/cloudflare_regional.go:302.4,306.12 2 1
sigs.k8s.io/external-dns/provider/cloudflare/cloudflare_regional.go:308.3,308.13 1 1
sigs.k8s.io/external-dns/provider/cloudflare/cloudflare_regional.go:308.13,313.12 2 1
sigs.k8s.io/external-dns/provider/cloudflare/cloudflare_regional.go:315.3,315.40 1 1
sigs.k8s.io/external-dns/provider/cloudflare/cloudflare_regional.go:315.40,320.4 1 1
sigs.k8s.io/external-dns/provider/cloudflare/cloudflare_regional.go:322.2,322.16 1 1
sigs.k8s.io/external-dns/provider/cloudflare/pagination.go:26.75,27.34 1 1
sigs.k8s.io/external-dns/provider/cloudflare/pagination.go:27.34,28.19 1 1
sigs.k8s.io/external-dns/provider/cloudflare/pagination.go:28.19,29.30 1 1
sigs.k8s.io/external-dns/provider/cloudflare/pagination.go:29.30,31.5 1 1
