mode: set
sigs.k8s.io/external-dns/provider/pihole/client.go:58.59,59.22 1 1
sigs.k8s.io/external-dns/provider/pihole/client.go:59.22,61.3 1 1
sigs.k8s.io/external-dns/provider/pihole/client.go:65.2,83.24 5 1
sigs.k8s.io/external-dns/provider/pihole/client.go:83.24,84.66 1 1
sigs.k8s.io/external-dns/provider/pihole/client.go:84.66,86.4 1 1
sigs.k8s.io/external-dns/provider/pihole/client.go:89.2,89.15 1 1
sigs.k8s.io/external-dns/provider/pihole/client.go:92.101,95.19 3 1
sigs.k8s.io/external-dns/provider/pihole/client.go:95.19,97.3 1 1
sigs.k8s.io/external-dns/provider/pihole/client.go:99.2,100.16 2 1
sigs.k8s.io/external-dns/provider/pihole/client.go:100.16,102.3 1 1
sigs.k8s.io/external-dns/provider/pihole/client.go:104.2,107.16 3 1
sigs.k8s.io/external-dns/provider/pihole/client.go:107.16,109.3 1 0
sigs.k8s.io/external-dns/provider/pihole/client.go:110.2,113.16 3 1
sigs.k8s.io/external-dns/provider/pihole/client.go:113.16,115.3 1 0
sigs.k8s.io/external-dns/provider/pihole/client.go:116.2,118.16 3 1
sigs.k8s.io/external-dns/provider/pihole/client.go:118.16,120.3 1 0
sigs.k8s.io/external-dns/provider/pihole/client.go:125.2,126.50 2 1
sigs.k8s.io/external-dns/provider/pihole/client.go:126.50,130.71 2 1
sigs.k8s.io/external-dns/provider/pihole/client.go:130.71,135.50 2 0
sigs.k8s.io/external-dns/provider/pihole/client.go:135.50,137.5 1 0
sigs.k8s.io/external-dns/provider/pihole/client.go:138.4,138.36 1 0
sigs.k8s.io/external-dns/provider/pihole/client.go:141.3,141.18 1 1
sigs.k8s.io/external-dns/provider/pihole/client.go:144.2,146.9 3 1
sigs.k8s.io/external-dns/provider/pihole/client.go:146.9,148.3 1 1
sigs.k8s.io/external-dns/provider/pihole/client.go:149.1,150.27 1 1
sigs.k8s.io/external-dns/provider/pihole/client.go:150.27,153.38 3 1
sigs.k8s.io/external-dns/provider/pihole/client.go:153.38,155.12 2 1
sigs.k8s.io/external-dns/provider/pihole/client.go:157.3,157.16 1 1
sigs.k8s.io/external-dns/provider/pihole/client.go:158.29,159.37 1 1
sigs.k8s.io/external-dns/provider/pihole/client.go:159.37,160.18 1 1
sigs.k8s.io/external-dns/provider/pihole/client.go:162.32,163.37 1 1
sigs.k8s.io/external-dns/provider/pihole/client.go:163.37,164.18 1 1
sigs.k8s.io/external-dns/provider/pihole/client.go:167.3,171.5 1 1
sigs.k8s.io/external-dns/provider/pihole/client.go:174.2,174.17 1 1
sigs.k8s.io/external-dns/provider/pihole/client.go:177.87,179.2 1 1
sigs.k8s.io/external-dns/provider/pihole/client.go:181.87,183.2 1 1
sigs.k8s.io/external-dns/provider/pihole/client.go:185.48,187.2 1 1
sigs.k8s.io/external-dns/provider/pihole/client.go:189.52,191.2 1 1
sigs.k8s.io/external-dns/provider/pihole/client.go:193.71,194.15 1 1
sigs.k8s.io/external-dns/provider/pihole/client.go:195.53,196.33 1 1
sigs.k8s.io/external-dns/provider/pihole/client.go:197.32,198.37 1 1
sigs.k8s.io/external-dns/provider/pihole/client.go:199.10,200.62 1 1
sigs.k8s.io/external-dns/provider/pihole/client.go:209.95,210.43 1 1
sigs.k8s.io/external-dns/provider/pihole/client.go:210.43,213.3 2 1
sigs.k8s.io/external-dns/provider/pihole/client.go:214.2,215.16 2 1
sigs.k8s.io/external-dns/provider/pihole/client.go:215.16,218.3 2 1
sigs.k8s.io/external-dns/provider/pihole/client.go:220.2,220.18 1 1
sigs.k8s.io/external-dns/provider/pihole/client.go:220.18,223.3 2 1
sigs.k8s.io/external-dns/provider/pihole/client.go:225.2,228.39 3 1
sigs.k8s.io/external-dns/provider/pihole/client.go:228.39,230.3 1 1
sigs.k8s.io/external-dns/provider/pihole/client.go:231.2,232.16 2 1
sigs.k8s.io/external-dns/provider/pihole/client.go:232.16,234.3 1 0
sigs.k8s.io/external-dns/provider/pihole/client.go:235.2,238.16 3 1
sigs.k8s.io/external-dns/provider/pihole/client.go:238.16,240.3 1 0
sigs.k8s.io/external-dns/provider/pihole/client.go:241.2,244.16 3 1
sigs.k8s.io/external-dns/provider/pihole/client.go:244.16,246.3 1 0
sigs.k8s.io/external-dns/provider/pihole/client.go:248.2,249.50 2 1
sigs.k8s.io/external-dns/provider/pihole/client.go:249.50,252.71 2 0
sigs.k8s.io/external-dns/provider/pihole/client.go:252.71,255.50 2 0
sigs.k8s.io/external-dns/provider/pihole/client.go:255.50,257.5 1 0
sigs.k8s.io/external-dns/provider/pihole/client.go:258.4,258.35 1 0
sigs.k8s.io/external-dns/provider/pihole/client.go:261.3,261.13 1 0
sigs.k8s.io/external-dns/provider/pihole/client.go:264.2,264.18 1 1
sigs.k8s.io/external-dns/provider/pihole/client.go:264.18,266.3 1 0
sigs.k8s.io/external-dns/provider/pihole/client.go:268.2,268.12 1 1
sigs.k8s.io/external-dns/provider/pihole/client.go:271.68,272.26 1 1
sigs.k8s.io/external-dns/provider/pihole/client.go:272.26,274.3 1 0
sigs.k8s.io/external-dns/provider/pihole/client.go:276.2,282.16 6 1
sigs.k8s.io/external-dns/provider/pihole/client.go:282.16,284.3 1 0
sigs.k8s.io/external-dns/provider/pihole/client.go:285.2,288.16 3 1
sigs.k8s.io/external-dns/provider/pihole/client.go:288.16,290.3 1 0
sigs.k8s.io/external-dns/provider/pihole/client.go:291.2,297.12 3 1
sigs.k8s.io/external-dns/provider/pihole/client.go:300.91,304.23 4 1
sigs.k8s.io/external-dns/provider/pihole/client.go:305.53,306.32 1 1
sigs.k8s.io/external-dns/provider/pihole/client.go:307.32,308.36 1 1
sigs.k8s.io/external-dns/provider/pihole/client.go:310.2,310.19 1 1
sigs.k8s.io/external-dns/provider/pihole/client.go:310.19,312.3 1 1
sigs.k8s.io/external-dns/provider/pihole/client.go:313.2,313.13 1 1
sigs.k8s.io/external-dns/provider/pihole/client.go:316.69,318.16 2 1
sigs.k8s.io/external-dns/provider/pihole/client.go:318.16,320.3 1 0
sigs.k8s.io/external-dns/provider/pihole/client.go:321.2,321.37 1 1
sigs.k8s.io/external-dns/provider/pihole/client.go:321.37,324.3 2 0
sigs.k8s.io/external-dns/provider/pihole/client.go:325.2,325.22 1 1
sigs.k8s.io/external-dns/provider/pihole/client.go:328.62,330.16 2 1
sigs.k8s.io/external-dns/provider/pihole/client.go:330.16,332.3 1 0
sigs.k8s.io/external-dns/provider/pihole/client.go:334.2,335.22 2 1
sigs.k8s.io/external-dns/provider/pihole/client.go:335.22,337.3 1 1
sigs.k8s.io/external-dns/provider/pihole/client.go:339.2,339.39 1 1
sigs.k8s.io/external-dns/provider/pihole/client.go:342.60,343.30 1 1
sigs.k8s.io/external-dns/provider/pihole/client.go:343.30,344.22 1 1
sigs.k8s.io/external-dns/provider/pihole/client.go:344.22,346.4 1 1
sigs.k8s.io/external-dns/provider/pihole/client.go:348.2,348.18 1 1
sigs.k8s.io/external-dns/provider/pihole/client.go:351.42,352.32 1 1
sigs.k8s.io/external-dns/provider/pihole/client.go:352.32,354.20 2 1
sigs.k8s.io/external-dns/provider/pihole/client.go:354.20,356.4 1 1
sigs.k8s.io/external-dns/provider/pihole/client.go:358.2,358.14 1 1
sigs.k8s.io/external-dns/provider/pihole/client.go:361.51,362.18 1 1
sigs.k8s.io/external-dns/provider/pihole/client.go:362.18,364.3 1 1
sigs.k8s.io/external-dns/provider/pihole/client.go:366.2,366.53 1 1
sigs.k8s.io/external-dns/provider/pihole/client.go:366.53,368.20 2 1
sigs.k8s.io/external-dns/provider/pihole/client.go:368.20,370.4 1 1
sigs.k8s.io/external-dns/provider/pihole/client.go:373.2,373.12 1 1
sigs.k8s.io/external-dns/provider/pihole/client.go:376.57,378.2 1 1
sigs.k8s.io/external-dns/provider/pihole/clientV6.go:55.61,56.22 1 1
sigs.k8s.io/external-dns/provider/pihole/clientV6.go:56.22,58.3 1 1
sigs.k8s.io/external-dns/provider/pihole/clientV6.go:61.2,76.24 4 1
sigs.k8s.io/external-dns/provider/pihole/clientV6.go:76.24,77.66 1 1
sigs.k8s.io/external-dns/provider/pihole/clientV6.go:77.66,79.4 1 1
sigs.k8s.io/external-dns/provider/pihole/clientV6.go:82.2,82.15 1 1
sigs.k8s.io/external-dns/provider/pihole/clientV6.go:85.94,87.16 2 1
sigs.k8s.io/external-dns/provider/pihole/clientV6.go:87.16,89.3 1 1
sigs.k8s.io/external-dns/provider/pihole/clientV6.go:91.2,94.16 3 1
sigs.k8s.io/external-dns/provider/pihole/clientV6.go:94.16,96.3 1 1
sigs.k8s.io/external-dns/provider/pihole/clientV6.go:98.2,99.16 2 1
sigs.k8s.io/external-dns/provider/pihole/clientV6.go:99.16,101.3 1 1
sigs.k8s.io/external-dns/provider/pihole/clientV6.go:104.2,105.59 2 1
sigs.k8s.io/external-dns/provider/pihole/clientV6.go:105.59,107.3 1 1
sigs.k8s.io/external-dns/provider/pihole/clientV6.go:110.2,111.39 2 1
sigs.k8s.io/external-dns/provider/pihole/clientV6.go:111.39,113.3 1 1
sigs.k8s.io/external-dns/provider/pihole/clientV6.go:113.8,115.3 1 1
sigs.k8s.io/external-dns/provider/pihole/clientV6.go:117.2,117.21 1 1
sigs.k8s.io/external-dns/provider/pihole/clientV6.go:125.34,127.16 2 1
sigs.k8s.io/external-dns/provider/pihole/clientV6.go:127.16,129.3 1 1
sigs.k8s.io/external-dns/provider/pihole/clientV6.go:130.2,130.19 1 1
sigs.k8s.io/external-dns/provider/pihole/clientV6.go:138.34,140.16 2 1
sigs.k8s.io/external-dns/provider/pihole/clientV6.go:140.16,142.3 1 1
sigs.k8s.io/external-dns/provider/pihole/clientV6.go:143.2,143.19 1 1
sigs.k8s.io/external-dns/provider/pihole/clientV6.go:146.103,148.16 2 1
sigs.k8s.io/external-dns/provider/pihole/clientV6.go:148.16,150.3 1 1
sigs.k8s.io/external-dns/provider/pihole/clientV6.go:152.2,154.30 2 1
sigs.k8s.io/external-dns/provider/pihole/clientV6.go:154.30,155.53 1 1
sigs.k8s.io/external-dns/provider/pihole/clientV6.go:155.53,157.4 1 1
sigs.k8s.io/external-dns/provider/pihole/clientV6.go:158.3,158.20 1 1
sigs.k8s.io/external-dns/provider/pihole/clientV6.go:158.20,160.12 2 1
sigs.k8s.io/external-dns/provider/pihole/clientV6.go:162.3,166.16 4 1
sigs.k8s.io/external-dns/provider/pihole/clientV6.go:167.29,169.28 1 1
sigs.k8s.io/external-dns/provider/pihole/clientV6.go:169.28,170.13 1 1
sigs.k8s.io/external-dns/provider/pihole/clientV6.go:172.32,174.28 1 1
sigs.k8s.io/external-dns/provider/pihole/clientV6.go:174.28,175.13 1 1
sigs.k8s.io/external-dns/provider/pihole/clientV6.go:177.33,181.22 2 1
sigs.k8s.io/external-dns/provider/pihole/clientV6.go:181.22,183.69 1 1
sigs.k8s.io/external-dns/provider/pihole/clientV6.go:183.69,185.6 1 1
sigs.k8s.io/external-dns/provider/pihole/clientV6.go:185.11,187.6 1 1
sigs.k8s.io/external-dns/provider/pihole/clientV6.go:191.3,193.42 2 1
sigs.k8s.io/external-dns/provider/pihole/clientV6.go:193.42,195.4 1 1
sigs.k8s.io/external-dns/provider/pihole/clientV6.go:197.3,197.26 1 1
sigs.k8s.io/external-dns/provider/pihole/clientV6.go:200.2,201.31 2 1
sigs.k8s.io/external-dns/provider/pihole/clientV6.go:201.31,203.3 1 1
sigs.k8s.io/external-dns/provider/pihole/clientV6.go:204.2,204.17 1 1
sigs.k8s.io/external-dns/provider/pihole/clientV6.go:207.89,209.2 1 1
sigs.k8s.io/external-dns/provider/pihole/clientV6.go:211.89,213.2 1 1
sigs.k8s.io/external-dns/provider/pihole/clientV6.go:215.50,217.2 1 1
sigs.k8s.io/external-dns/provider/pihole/clientV6.go:219.54,221.2 1 1
sigs.k8s.io/external-dns/provider/pihole/clientV6.go:223.73,224.15 1 1
sigs.k8s.io/external-dns/provider/pihole/clientV6.go:225.53,226.33 1 1
sigs.k8s.io/external-dns/provider/pihole/clientV6.go:227.32,228.37 1 1
sigs.k8s.io/external-dns/provider/pihole/clientV6.go:229.10,230.62 1 1
sigs.k8s.io/external-dns/provider/pihole/clientV6.go:268.72,270.2 1 1
sigs.k8s.io/external-dns/provider/pihole/clientV6.go:272.97,273.43 1 1
sigs.k8s.io/external-dns/provider/pihole/clientV6.go:273.43,276.3 2 1
sigs.k8s.io/external-dns/provider/pihole/clientV6.go:277.2,278.16 2 1
sigs.k8s.io/external-dns/provider/pihole/clientV6.go:278.16,281.3 2 1
sigs.k8s.io/external-dns/provider/pihole/clientV6.go:283.2,283.26 1 1
sigs.k8s.io/external-dns/provider/pihole/clientV6.go:283.26,286.3 2 1
sigs.k8s.io/external-dns/provider/pihole/clientV6.go:289.2,289.39 1 1
sigs.k8s.io/external-dns/provider/pihole/clientV6.go:289.39,291.3 1 1
sigs.k8s.io/external-dns/provider/pihole/clientV6.go:293.2,293.70 1 1
sigs.k8s.io/external-dns/provider/pihole/clientV6.go:293.70,295.3 1 1
sigs.k8s.io/external-dns/provider/pihole/clientV6.go:297.2,297.36 1 1
sigs.k8s.io/external-dns/provider/pihole/clientV6.go:297.36,298.19 1 1
sigs.k8s.io/external-dns/provider/pihole/clientV6.go:298.19,300.12 2 1
sigs.k8s.io/external-dns/provider/pihole/clientV6.go:303.3,307.24 3 1
sigs.k8s.io/external-dns/provider/pihole/clientV6.go:308.54,309.91 1 1
sigs.k8s.io/external-dns/provider/pihole/clientV6.go:310.33,311.35 1 1
sigs.k8s.io/external-dns/provider/pihole/clientV6.go:311.35,313.5 1 1
sigs.k8s.io/external-dns/provider/pihole/clientV6.go:313.10,315.5 1 1
sigs.k8s.io/external-dns/provider/pihole/clientV6.go:317.3,318.17 2 1
sigs.k8s.io/external-dns/provider/pihole/clientV6.go:318.17,320.4 1 0
sigs.k8s.io/external-dns/provider/pihole/clientV6.go:322.3,323.17 2 1
sigs.k8s.io/external-dns/provider/pihole/clientV6.go:323.17,325.4 1 0
sigs.k8s.io/external-dns/provider/pihole/clientV6.go:328.2,328.12 1 1
sigs.k8s.io/external-dns/provider/pihole/clientV6.go:331.70,332.26 1 1
sigs.k8s.io/external-dns/provider/pihole/clientV6.go:332.26,334.3 1 1
sigs.k8s.io/external-dns/provider/pihole/clientV6.go:336.2,343.16 5 1
sigs.k8s.io/external-dns/provider/pihole/clientV6.go:343.16,345.3 1 0
sigs.k8s.io/external-dns/provider/pihole/clientV6.go:347.2,348.16 2 1
sigs.k8s.io/external-dns/provider/pihole/clientV6.go:348.16,350.3 1 1
sigs.k8s.io/external-dns/provider/pihole/clientV6.go:353.2,354.59 2 1
sigs.k8s.io/external-dns/provider/pihole/clientV6.go:354.59,356.3 1 0
sigs.k8s.io/external-dns/provider/pihole/clientV6.go:356.8,358.36 1 1
sigs.k8s.io/external-dns/provider/pihole/clientV6.go:358.36,360.4 1 1
sigs.k8s.io/external-dns/provider/pihole/clientV6.go:362.2,362.12 1 1
sigs.k8s.io/external-dns/provider/pihole/clientV6.go:365.80,366.19 1 1
sigs.k8s.io/external-dns/provider/pihole/clientV6.go:366.19,368.3 1 1
sigs.k8s.io/external-dns/provider/pihole/clientV6.go:370.2,373.16 3 1
sigs.k8s.io/external-dns/provider/pihole/clientV6.go:373.16,375.3 1 1
sigs.k8s.io/external-dns/provider/pihole/clientV6.go:376.2,377.19 2 1
sigs.k8s.io/external-dns/provider/pihole/clientV6.go:377.19,379.3 1 1
sigs.k8s.io/external-dns/provider/pihole/clientV6.go:380.2,381.16 2 1
sigs.k8s.io/external-dns/provider/pihole/clientV6.go:381.16,383.3 1 0
sigs.k8s.io/external-dns/provider/pihole/clientV6.go:385.2,387.16 3 1
sigs.k8s.io/external-dns/provider/pihole/clientV6.go:387.16,389.3 1 0
sigs.k8s.io/external-dns/provider/pihole/clientV6.go:392.2,393.59 2 1
sigs.k8s.io/external-dns/provider/pihole/clientV6.go:393.59,395.3 1 1
sigs.k8s.io/external-dns/provider/pihole/clientV6.go:396.2,396.39 1 1
sigs.k8s.io/external-dns/provider/pihole/clientV6.go:399.64,401.19 2 1
sigs.k8s.io/external-dns/provider/pihole/clientV6.go:401.19,403.3 1 1
sigs.k8s.io/external-dns/provider/pihole/clientV6.go:404.2,405.16 2 1
sigs.k8s.io/external-dns/provider/pihole/clientV6.go:405.16,407.3 1 1
sigs.k8s.io/external-dns/provider/pihole/clientV6.go:409.2,411.16 3 1
sigs.k8s.io/external-dns/provider/pihole/clientV6.go:411.16,413.3 1 0
sigs.k8s.io/external-dns/provider/pihole/clientV6.go:415.2,417.42 1 1
sigs.k8s.io/external-dns/provider/pihole/clientV6.go:417.42,420.57 2 1
sigs.k8s.io/external-dns/provider/pihole/clientV6.go:420.57,422.4 1 1
sigs.k8s.io/external-dns/provider/pihole/clientV6.go:424.3,424.71 1 1
sigs.k8s.io/external-dns/provider/pihole/clientV6.go:424.71,426.4 1 1
sigs.k8s.io/external-dns/provider/pihole/clientV6.go:428.3,428.79 1 1
sigs.k8s.io/external-dns/provider/pihole/clientV6.go:428.79,430.4 1 1
sigs.k8s.io/external-dns/provider/pihole/clientV6.go:431.3,431.41 1 1
sigs.k8s.io/external-dns/provider/pihole/clientV6.go:431.41,433.23 2 0
sigs.k8s.io/external-dns/provider/pihole/clientV6.go:433.23,435.5 1 0
sigs.k8s.io/external-dns/provider/pihole/clientV6.go:438.3,438.65 1 1
sigs.k8s.io/external-dns/provider/pihole/clientV6.go:438.65,442.31 3 1
sigs.k8s.io/external-dns/provider/pihole/clientV6.go:442.31,444.19 2 1
sigs.k8s.io/external-dns/provider/pihole/clientV6.go:444.19,446.6 1 0
sigs.k8s.io/external-dns/provider/pihole/clientV6.go:447.5,447.15 1 1
sigs.k8s.io/external-dns/provider/pihole/clientV6.go:447.15,449.62 2 1
sigs.k8s.io/external-dns/provider/pihole/clientV6.go:449.62,451.7 1 0
sigs.k8s.io/external-dns/provider/pihole/clientV6.go:452.6,453.14 2 1
sigs.k8s.io/external-dns/provider/pihole/clientV6.go:455.5,455.10 1 1
sigs.k8s.io/external-dns/provider/pihole/clientV6.go:457.4,457.29 1 1
sigs.k8s.io/external-dns/provider/pihole/clientV6.go:457.29,459.5 1 1
sigs.k8s.io/external-dns/provider/pihole/clientV6.go:460.4,460.20 1 1
sigs.k8s.io/external-dns/provider/pihole/clientV6.go:462.3,462.181 1 1
sigs.k8s.io/external-dns/provider/pihole/clientV6.go:464.2,464.18 1 1
sigs.k8s.io/external-dns/provider/pihole/pihole.go:65.67,68.24 3 1
sigs.k8s.io/external-dns/provider/pihole/pihole.go:69.11,70.36 1 1
sigs.k8s.io/external-dns/provider/pihole/pihole.go:71.10,72.34 1 1
sigs.k8s.io/external-dns/provider/pihole/pihole.go:74.2,74.16 1 1
sigs.k8s.io/external-dns/provider/pihole/pihole.go:74.16,76.3 1 1
sigs.k8s.io/external-dns/provider/pihole/pihole.go:77.2,77.67 1 1
sigs.k8s.io/external-dns/provider/pihole/pihole.go:82.85,84.16 2 1
sigs.k8s.io/external-dns/provider/pihole/pihole.go:84.16,86.3 1 1
sigs.k8s.io/external-dns/provider/pihole/pihole.go:87.2,88.16 2 1
sigs.k8s.io/external-dns/provider/pihole/pihole.go:88.16,90.3 1 0
sigs.k8s.io/external-dns/provider/pihole/pihole.go:91.2,92.16 2 1
sigs.k8s.io/external-dns/provider/pihole/pihole.go:92.16,94.3 1 0
sigs.k8s.io/external-dns/provider/pihole/pihole.go:95.2,96.47 2 1
sigs.k8s.io/external-dns/provider/pihole/pihole.go:100.89,102.36 1 1
sigs.k8s.io/external-dns/provider/pihole/pihole.go:102.36,103.53 1 1
sigs.k8s.io/external-dns/provider/pihole/pihole.go:103.53,105.4 1 0
sigs.k8s.io/external-dns/provider/pihole/pihole.go:109.2,110.39 2 1
sigs.k8s.io/external-dns/provider/pihole/pihole.go:110.39,114.26 2 1
sigs.k8s.io/external-dns/provider/pihole/pihole.go:114.26,115.42 1 1
sigs.k8s.io/external-dns/provider/pihole/pihole.go:115.42,123.5 4 1
sigs.k8s.io/external-dns/provider/pihole/pihole.go:125.3,125.22 1 1
sigs.k8s.io/external-dns/provider/pihole/pihole.go:128.2,128.39 1 1
sigs.k8s.io/external-dns/provider/pihole/pihole.go:128.39,131.52 2 1
sigs.k8s.io/external-dns/provider/pihole/pihole.go:131.52,133.27 1 1
sigs.k8s.io/external-dns/provider/pihole/pihole.go:133.27,134.54 1 1
sigs.k8s.io/external-dns/provider/pihole/pihole.go:134.54,136.14 2 1
sigs.k8s.io/external-dns/provider/pihole/pihole.go:138.10,140.46 1 1
sigs.k8s.io/external-dns/provider/pihole/pihole.go:140.46,142.14 2 1
sigs.k8s.io/external-dns/provider/pihole/pihole.go:146.4,146.54 1 1
sigs.k8s.io/external-dns/provider/pihole/pihole.go:146.54,148.5 1 0
sigs.k8s.io/external-dns/provider/pihole/pihole.go:153.2,153.36 1 1
sigs.k8s.io/external-dns/provider/pihole/pihole.go:153.36,154.53 1 1
sigs.k8s.io/external-dns/provider/pihole/pihole.go:154.53,156.4 1 0
sigs.k8s.io/external-dns/provider/pihole/pihole.go:158.2,158.31 1 1
sigs.k8s.io/external-dns/provider/pihole/pihole.go:158.31,159.53 1 1
sigs.k8s.io/external-dns/provider/pihole/pihole.go:159.53,161.4 1 0
sigs.k8s.io/external-dns/provider/pihole/pihole.go:164.2,164.12 1 1
